<?xml version="1.0" encoding="UTF-8"?>
<testng-results skipped="0" failed="0" ignored="0" total="1" passed="1">
  <reporter-output>
  </reporter-output>
  <suite name="Suite" duration-ms="7627" started-at="2020-11-07T17:57:28Z" finished-at="2020-11-07T17:57:35Z">
    <groups>
    </groups>
    <test name="Test" duration-ms="7627" started-at="2020-11-07T17:57:28Z" finished-at="2020-11-07T17:57:35Z">
      <class name="learn.automation.NavigateToUrl">
        <test-method status="PASS" signature="navigateToUrl()[pri:0, instance:learn.automation.NavigateToUrl@7f560810]" name="navigateToUrl" duration-ms="7595" started-at="2020-11-07T17:57:28Z" finished-at="2020-11-07T17:57:35Z">
          <reporter-output>
          </reporter-output>
        </test-method> <!-- navigateToUrl -->
      </class> <!-- learn.automation.NavigateToUrl -->
    </test> <!-- Test -->
  </suite> <!-- Suite -->
</testng-results>
