<?xml version="1.0" encoding="UTF-8"?>
<testng-results skipped="0" failed="0" total="1" passed="1">
  <reporter-output>
  </reporter-output>
  <suite name="Default suite" duration-ms="7694" started-at="2020-11-06T17:58:48Z" finished-at="2020-11-06T17:58:55Z">
    <groups>
    </groups>
    <test name="Default test" duration-ms="7694" started-at="2020-11-06T17:58:48Z" finished-at="2020-11-06T17:58:55Z">
      <class name="learn.automation.NavigateToUrl">
        <test-method status="PASS" signature="navigateToUrl()[pri:0, instance:learn.automation.NavigateToUrl@19dfb72a]" name="navigateToUrl" duration-ms="7658" started-at="2020-11-06T23:28:48Z" finished-at="2020-11-06T23:28:55Z">
          <reporter-output>
          </reporter-output>
        </test-method> <!-- navigateToUrl -->
      </class> <!-- learn.automation.NavigateToUrl -->
    </test> <!-- Default test -->
  </suite> <!-- Default suite -->
</testng-results>
